Log file open, 01/27/18 20:27:47
LogWindows: Failed to load 'aqProf.dll' (GetLastError=126)
LogWindows: File 'aqProf.dll' does not exist
LogWindows: Failed to load 'VSPerf140.dll' (GetLastError=126)
LogWindows: File 'VSPerf140.dll' does not exist
LogWindows: Failed to load 'VtuneApi.dll' (GetLastError=126)
LogWindows: File 'VtuneApi.dll' does not exist
LogWindows: Failed to load 'VtuneApi32e.dll' (GetLastError=126)
LogWindows: File 'VtuneApi32e.dll' does not exist
LogInit: Display: Running engine for game: Group_C
LogPlatformFile: Not using cached read wrapper
LogInit: Display: RandInit(-1866415509) SRandInit(-1866415509).
LogTaskGraph: Started task graph with 5 named threads and 14 total threads with 3 sets of task threads.
LogStats: Stats thread started at 0.202585
LogD3D11RHI: Aftermath initialized
LogPluginManager: Mounting plugin Paper2D
LogPluginManager: Mounting plugin LightPropagationVolume
LogPluginManager: Mounting plugin CodeLiteSourceCodeAccess
LogPluginManager: Mounting plugin GitSourceControl
LogPluginManager: Mounting plugin KDevelopSourceCodeAccess
LogPluginManager: Mounting plugin NullSourceCodeAccess
LogPluginManager: Mounting plugin PerforceSourceControl
LogPluginManager: Mounting plugin SubversionSourceControl
LogPluginManager: Mounting plugin UObjectPlugin
LogPluginManager: Mounting plugin VisualStudioSourceCodeAccess
LogPluginManager: Mounting plugin XCodeSourceCodeAccess
LogPluginManager: Mounting plugin AssetManagerEditor
LogPluginManager: Mounting plugin AudioCapture
LogPluginManager: Mounting plugin FacialAnimation
LogPluginManager: Mounting plugin GameplayTagsEditor
LogPluginManager: Mounting plugin MobileLauncherProfileWizard
LogPluginManager: Mounting plugin PluginBrowser
LogPluginManager: Mounting plugin SpeedTreeImporter
LogPluginManager: Mounting plugin AlembicImporter
LogPluginManager: Mounting plugin CharacterAI
LogPluginManager: Mounting plugin HTML5Networking
LogPluginManager: Mounting plugin AndroidMedia
LogPluginManager: Mounting plugin AvfMedia
LogPluginManager: Mounting plugin MediaPlayerEditor
LogPluginManager: Mounting plugin WmfMedia
LogPluginManager: Mounting plugin TcpMessaging
LogPluginManager: Mounting plugin UdpMessaging
LogPluginManager: Mounting plugin LevelSequenceEditor
LogPluginManager: Mounting plugin MatineeToLevelSequence
LogPluginManager: Mounting plugin OnlineSubsystemGooglePlay
LogPluginManager: Mounting plugin OnlineSubsystemIOS
LogPluginManager: Mounting plugin OnlineSubsystem
LogPluginManager: Mounting plugin OnlineSubsystemNull
LogPluginManager: Mounting plugin OnlineSubsystemUtils
LogPluginManager: Mounting plugin AndroidDeviceProfileSelector
LogPluginManager: Mounting plugin AndroidMoviePlayer
LogPluginManager: Mounting plugin AndroidPermission
LogPluginManager: Mounting plugin AppleMoviePlayer
LogPluginManager: Mounting plugin ArchVisCharacter
LogPluginManager: Mounting plugin CableComponent
LogPluginManager: Mounting plugin CustomMeshComponent
LogPluginManager: Mounting plugin ExampleDeviceProfileSelector
LogPluginManager: Mounting plugin GoogleCloudMessaging
LogPluginManager: Mounting plugin ImmediatePhysics
LogPluginManager: Mounting plugin IOSDeviceProfileSelector
LogPluginManager: Mounting plugin LinuxDeviceProfileSelector
LogPluginManager: Mounting plugin LocationServicesBPLibrary
LogPluginManager: Mounting plugin MobilePatchingUtils
LogPluginManager: Mounting plugin OculusVR
LogPluginManager: Mounting plugin PhysXVehicles
LogPluginManager: Mounting plugin ProceduralMeshComponent
LogPluginManager: Mounting plugin RuntimePhysXCooking
LogPluginManager: Mounting plugin SteamVR
LogPluginManager: Mounting plugin WindowsMoviePlayer
LogInit: Using libcurl 7.47.1
LogInit:  - built for x86_64-pc-win32
LogInit:  - supports SSL with OpenSSL/1.0.2g
LogInit:  - supports HTTP deflate (compression) using libz 1.2.8
LogInit:  - other features:
LogInit:      CURL_VERSION_SSL
LogInit:      CURL_VERSION_LIBZ
LogInit:      CURL_VERSION_IPV6
LogInit:      CURL_VERSION_ASYNCHDNS
LogInit:      CURL_VERSION_LARGEFILE
LogInit:      CURL_VERSION_IDN
LogInit:  CurlRequestOptions (configurable via config and command line):
LogInit:  - bVerifyPeer = false  - Libcurl will NOT verify peer certificate
LogInit:  - bUseHttpProxy = false  - Libcurl will NOT use HTTP proxy
LogInit:  - bDontReuseConnections = false  - Libcurl will reuse connections
LogInit:  - CertBundlePath = nullptr  - Libcurl will use whatever was configured at build time.
LogInit: Build: ++UE4+Release-4.17-CL-3658906
LogInit: Engine Version: 4.17.2-3658906+++UE4+Release-4.17
LogInit: Compatible Engine Version: 4.17.0-3573198+++UE4+Release-4.17
LogInit: Net CL: 3573198
LogDevObjectVersion: Number of dev versions registered: 16
LogDevObjectVersion:   Dev-Blueprints (B0D832E4-1F89-4F0D-ACCF-7EB736FD4AA2): 10
LogDevObjectVersion:   Dev-Build (E1C64328-A22C-4D53-A36C-8E866417BD8C): 0
LogDevObjectVersion:   Dev-Core (375EC13C-06E4-48FB-B500-84F0262A717E): 2
LogDevObjectVersion:   Dev-Editor (E4B068ED-F494-42E9-A231-DA0B2E46BB41): 20
LogDevObjectVersion:   Dev-Framework (CFFC743F-43B0-4480-9391-14DF171D2073): 28
LogDevObjectVersion:   Dev-Mobile (B02B49B5-BB20-44E9-A304-32B752E40360): 0
LogDevObjectVersion:   Dev-Networking (A4E4105C-59A1-49B5-A7C5-40C4547EDFEE): 0
LogDevObjectVersion:   Dev-Online (39C831C9-5AE6-47DC-9A44-9C173E1C8E7C): 0
LogDevObjectVersion:   Dev-Physics (78F01B33-EBEA-4F98-B9B4-84EACCB95AA2): 0
LogDevObjectVersion:   Dev-Platform (6631380F-2D4D-43E0-8009-CF276956A95A): 0
LogDevObjectVersion:   Dev-Rendering (12F88B9F-8875-4AFC-A67C-D90C383ABD29): 19
LogDevObjectVersion:   Dev-Sequencer (7B5AE74C-D270-4C10-A958-57980B212A5A): 4
LogDevObjectVersion:   Dev-VR (D7296918-1DD6-4BDD-9DE2-64A83CC13884): 0
LogDevObjectVersion:   Dev-LoadTimes (C2A15278-BFE7-4AFE-6C17-90FF531DF755): 1
LogDevObjectVersion:   Private-Geometry (6EACA3D4-40EC-4CC1-B786-8BED09428FC5): 1
LogDevObjectVersion:   Dev-AnimPhys (29E575DD-E0A3-4627-9D10-D276232CDCEA): 7
LogInit: Compiled (64-bit): Sep 22 2017 13:47:16
LogInit: Compiled with Visual C++: 19.00.24215.01
LogInit: Build Configuration: Development
LogInit: Branch Name: ++UE4+Release-4.17
LogInit: Command line:  
LogInit: Base directory: C:/Program Files/Epic Games/UE_4.17/Engine/Binaries/Win64/
LogInit: Installed Engine Build: 1
LogInit: Presizing for max 8388607 objects, including 0 objects not considered by GC, pre-allocating 0 bytes for permanent pool.
LogInit: Object subsystem initialized
[2018.01.27-20.27.48:897][  0]LogInit: Selected Device Profile: [Windows]
[2018.01.27-20.27.48:897][  0]LogInit: Applying CVar settings loaded from the selected device profile: [Windows]
[2018.01.27-20.27.48:931][  0]LogInit: Computer: GC010714R
[2018.01.27-20.27.48:931][  0]LogInit: User: jrmacdonald
[2018.01.27-20.27.48:931][  0]LogInit: CPU Page size=4096, Cores=4
[2018.01.27-20.27.48:931][  0]LogInit: High frequency timer resolution =3.215349 MHz
[2018.01.27-20.27.48:932][  0]LogMemory: Memory total: Physical=15.9GB (16GB approx)
[2018.01.27-20.27.48:932][  0]LogMemory: Platform Memory Stats for Windows
[2018.01.27-20.27.48:932][  0]LogMemory: Process Physical Memory: 279.92 MB used, 279.92 MB peak
[2018.01.27-20.27.48:932][  0]LogMemory: Process Virtual Memory: 278.47 MB used, 278.47 MB peak
[2018.01.27-20.27.48:932][  0]LogMemory: Physical Memory: 4734.53 MB used,  11593.81 MB free, 16328.34 MB total
[2018.01.27-20.27.48:932][  0]LogMemory: Virtual Memory: 670.03 MB used,  11593.81 MB free, 134217728.00 MB total
[2018.01.27-20.27.49:423][  0]LogInit: Using OS detected language (en-GB).
[2018.01.27-20.27.49:423][  0]LogInit: Using OS detected locale (en-GB).
[2018.01.27-20.27.49:430][  0]LogTextLocalizationManager: No specific localization for 'en-GB' exists, so the 'en' localization will be used.
[2018.01.27-20.27.50:563][  0]LogD3D11RHI: D3D11 adapters:
[2018.01.27-20.27.50:592][  0]LogD3D11RHI:    0. 'NVIDIA GeForce GTX 660' (Feature Level 11_0)
[2018.01.27-20.27.50:592][  0]LogD3D11RHI:       2015/0/8164 MB DedicatedVideo/DedicatedSystem/SharedSystem, Outputs:2, VendorId:0x10de
[2018.01.27-20.27.50:594][  0]LogD3D11RHI:    1. 'Microsoft Basic Render Driver' (Feature Level 11_0)
[2018.01.27-20.27.50:594][  0]LogD3D11RHI:       0/0/8164 MB DedicatedVideo/DedicatedSystem/SharedSystem, Outputs:0, VendorId:0x1414
[2018.01.27-20.27.50:594][  0]LogD3D11RHI: Chosen D3D11 Adapter: 0
[2018.01.27-20.27.50:598][  0]LogD3D11RHI: Creating new Direct3DDevice
[2018.01.27-20.27.50:598][  0]LogD3D11RHI:     GPU DeviceId: 0x11c0 (for the marketing name, search the web for "GPU Device Id")
[2018.01.27-20.27.50:598][  0]LogWindows: EnumDisplayDevices:
[2018.01.27-20.27.50:599][  0]LogWindows:    0. 'NVIDIA GeForce GTX 660' (P:1 D:1)
[2018.01.27-20.27.50:599][  0]LogWindows:    1. 'NVIDIA GeForce GTX 660' (P:0 D:1)
[2018.01.27-20.27.50:599][  0]LogWindows:    2. 'NVIDIA GeForce GTX 660' (P:0 D:0)
[2018.01.27-20.27.50:600][  0]LogWindows:    3. 'NVIDIA GeForce GTX 660' (P:0 D:0)
[2018.01.27-20.27.50:600][  0]LogWindows: DebugString: FoundDriverCount:4 
[2018.01.27-20.27.50:600][  0]LogD3D11RHI:     Adapter Name: NVIDIA GeForce GTX 660
[2018.01.27-20.27.50:600][  0]LogD3D11RHI:   Driver Version: 384.94 (internal:22.21.13.8494, unified:384.94)
[2018.01.27-20.27.50:600][  0]LogD3D11RHI:      Driver Date: 7-18-2017
[2018.01.27-20.27.50:600][  0]LogRHI: Texture pool is 1361 MB (70% of 1945 MB)
[2018.01.27-20.27.50:616][  0]LogD3D11RHI: Async texture creation enabled
[2018.01.27-20.27.50:635][  0]LogD3D11RHI: GPU Timing Frequency: 1000.000000 (Debug: 2 2)
[2018.01.27-20.27.50:639][  0]LogShaderCompilers: Guid format shader working directory is 8 characters bigger than the processId version (E:/GlobalGamesJame/GGJ-2018/GGJ_2018_Group_C/Intermediate/Shaders/WorkingDirectory/5852/).
[2018.01.27-20.27.50:639][  0]LogShaderCompilers: Cleaned the shader compiler working directory 'C:/Users/jrmacdonald/AppData/Local/Temp/UnrealShaderWorkingDir/4F7F886847BD6E17B3A77BBB61637FE6/'.
[2018.01.27-20.27.50:639][  0]LogShaderCompilers: Display: Using Local Shader Compiler.
[2018.01.27-20.27.52:200][  0]LogTemp: Display: Loaded TP AllDesktopTargetPlatform
[2018.01.27-20.27.52:338][  0]LogTemp: Display: Loaded TP MacClientTargetPlatform
[2018.01.27-20.27.52:470][  0]LogTemp: Display: Loaded TP MacNoEditorTargetPlatform
[2018.01.27-20.27.52:609][  0]LogTemp: Display: Loaded TP MacServerTargetPlatform
[2018.01.27-20.27.52:737][  0]LogTemp: Display: Loaded TP MacTargetPlatform
[2018.01.27-20.27.52:871][  0]LogTemp: Display: Loaded TP WindowsClientTargetPlatform
[2018.01.27-20.27.53:014][  0]LogTemp: Display: Loaded TP WindowsNoEditorTargetPlatform
[2018.01.27-20.27.53:154][  0]LogTemp: Display: Loaded TP WindowsServerTargetPlatform
[2018.01.27-20.27.53:280][  0]LogTemp: Display: Loaded TP WindowsTargetPlatform
[2018.01.27-20.27.53:425][  0]LogTemp: Display: Loaded TP AndroidTargetPlatform
[2018.01.27-20.27.53:584][  0]LogTemp: Display: Loaded TP Android_ASTCTargetPlatform
[2018.01.27-20.27.53:745][  0]LogTemp: Display: Loaded TP Android_ATCTargetPlatform
[2018.01.27-20.27.53:929][  0]LogTemp: Display: Loaded TP Android_DXTTargetPlatform
[2018.01.27-20.27.54:128][  0]LogTemp: Display: Loaded TP Android_ETC1TargetPlatform
[2018.01.27-20.27.54:293][  0]LogTemp: Display: Loaded TP Android_ETC2TargetPlatform
[2018.01.27-20.27.54:620][  0]LogTemp: Display: Loaded TP Android_MultiTargetPlatform
[2018.01.27-20.27.54:620][  0]LogTemp: Display: Loaded TP Android_PVRTCTargetPlatform
[2018.01.27-20.27.54:753][  0]LogTemp: Display: Loaded TP HTML5TargetPlatform
[2018.01.27-20.27.54:995][  0]LogTemp: Display: Loaded TP IOSTargetPlatform
[2018.01.27-20.27.55:080][  0]LogTemp: Display: Loaded TP TVOSTargetPlatform
[2018.01.27-20.27.55:236][  0]LogTemp: Display: Loaded TP LinuxClientTargetPlatform
[2018.01.27-20.27.55:401][  0]LogTemp: Display: Loaded TP LinuxNoEditorTargetPlatform
[2018.01.27-20.27.55:558][  0]LogTemp: Display: Loaded TP LinuxServerTargetPlatform
[2018.01.27-20.27.55:705][  0]LogTemp: Display: Loaded TP LinuxTargetPlatform
[2018.01.27-20.27.55:705][  0]LogTargetPlatformManager: Display: Building Assets For Windows
[2018.01.27-20.27.57:214][  0]LogDerivedDataCache: Display: Max Cache Size: 512 MB
[2018.01.27-20.27.57:324][  0]LogDerivedDataCache: Loaded boot cache 0.11s 93MB C:/Users/jrmacdonald/AppData/Local/UnrealEngine/4.17/DerivedDataCache/Boot.ddc.
[2018.01.27-20.27.57:324][  0]LogDerivedDataCache: Display: Loaded Boot cache: C:/Users/jrmacdonald/AppData/Local/UnrealEngine/4.17/DerivedDataCache/Boot.ddc
[2018.01.27-20.27.57:325][  0]LogDerivedDataCache: FDerivedDataBackendGraph:  Pak pak cache file E:/GlobalGamesJame/GGJ-2018/GGJ_2018_Group_C/DerivedDataCache/DDC.ddp not found, will not use a pak cache.
[2018.01.27-20.27.57:325][  0]LogDerivedDataCache: Unable to find inner node Pak for hierarchical cache Hierarchy.
[2018.01.27-20.27.57:325][  0]LogDerivedDataCache: FDerivedDataBackendGraph:  CompressedPak pak cache file E:/GlobalGamesJame/GGJ-2018/GGJ_2018_Group_C/DerivedDataCache/Compressed.ddp not found, will not use a pak cache.
[2018.01.27-20.27.57:325][  0]LogDerivedDataCache: Unable to find inner node CompressedPak for hierarchical cache Hierarchy.
[2018.01.27-20.27.57:350][  0]LogDerivedDataCache: Display: Pak cache opened for reading ../../../Engine/DerivedDataCache/Compressed.ddp.
[2018.01.27-20.27.57:363][  0]LogDerivedDataCache: Using Local data cache path C:/Users/jrmacdonald/AppData/Local/UnrealEngine/Common/DerivedDataCache: Writable
[2018.01.27-20.27.57:380][  0]LogMaterial: Verifying Global Shaders for PCD3D_SM5
[2018.01.27-20.27.57:380][  0]LogSlate: Using Freetype 2.6.0
[2018.01.27-20.27.57:381][  0]LogSlate: SlateFontCache - WITH_FREETYPE: 1, WITH_HARFBUZZ: 1
[2018.01.27-20.27.57:381][  0]LogSlate: SlateFontCache - WITH_FREETYPE: 1, WITH_HARFBUZZ: 1
[2018.01.27-20.27.57:898][  0]LogAssetRegistry: FAssetRegistry took 0.0275 seconds to start up
[2018.01.27-20.27.58:206][  0]LogInit: Selected Device Profile: [Windows]
[2018.01.27-20.27.59:165][  0]LogSimplygon: Simplygon DLL not present - disabling.
[2018.01.27-20.27.59:301][  0]LogMeshReduction: Using SimplygonSwarm for distributed automatic mesh merging
[2018.01.27-20.27.59:301][  0]LogMeshReduction: Using QuadricMeshReduction for automatic static mesh reduction
[2018.01.27-20.27.59:301][  0]LogMeshReduction: No automatic skeletal mesh reduction module available
[2018.01.27-20.27.59:301][  0]LogMeshReduction: No automatic mesh merging module available
[2018.01.27-20.27.59:301][  0]LogMeshMerging: No automatic mesh merging module available
[2018.01.27-20.27.59:303][  0]LogContentStreaming: Texture pool size is 0.00 MB
[2018.01.27-20.27.59:996][  0]LogNetVersion: Group_C , NetCL: 3573198, EngineNetVer: 2, GameNetVer: 0 (Checksum: 2017696342)
[2018.01.27-20.28.00:603][  0]LogPackageLocalizationCache: Processed 5 localized package path(s) for 2 prioritized culture(s) in 0.258097 seconds
[2018.01.27-20.28.00:611][  0]LogUObjectArray: 35825 objects as part of root set at end of initial load.
[2018.01.27-20.28.00:612][  0]LogUObjectAllocator: 7529112 out of 0 bytes used by permanent object pool.
[2018.01.27-20.28.00:612][  0]LogUObjectArray: CloseDisregardForGC: 0/0 objects in disregard for GC pool
[2018.01.27-20.28.00:819][  0]LogInit: WinSock: version 1.1 (2.2), MaxSocks=32767, MaxUdp=65467
[2018.01.27-20.28.06:396][  0]LogTcpMessaging: Initializing TcpMessaging bridge
[2018.01.27-20.28.06:475][  0]LogUdpMessaging: Initializing bridge on interface 0.0.0.0:0 to multicast group 230.0.0.1:6666.
[2018.01.27-20.28.07:916][  0]LogMaterial: Uniform references updated for custom material expression Custom.
[2018.01.27-20.28.08:929][  0]SourceControl: Source control is disabled
[2018.01.27-20.28.11:063][  0]LogAndroidPermission: UAndroidPermissionCallbackProxy::GetInstance
[2018.01.27-20.28.11:670][  0]LogOcInput: OculusInput pre-init called
[2018.01.27-20.28.12:251][  0]LogEngine: Initializing Engine...
[2018.01.27-20.28.12:253][  0]LogHMD: Failed to initialize OpenVR with code 110
[2018.01.27-20.28.12:534][  0]LogStats: UGameplayTagsManager::ConstructGameplayTagTree: Construct from data asset -  0.000 s
[2018.01.27-20.28.12:534][  0]LogStats: UGameplayTagsManager::ConstructGameplayTagTree: GameplayTagTreeChangedEvent.Broadcast -  0.000 s
[2018.01.27-20.28.12:859][  0]LogAIModule: Creating AISystem for world Untitled
[2018.01.27-20.28.12:869][  0]LogInit: XAudio2 using 'Speakers (Realtek High Definition Audio)' : 2 channels at 48 kHz using 32 bits per sample (channel mask 0x3)
[2018.01.27-20.28.12:881][  0]LogInit: FAudioDevice initialized.
[2018.01.27-20.28.13:083][  0]LogDerivedDataCache: Saved boot cache 0.20s 93MB C:/Users/jrmacdonald/AppData/Local/UnrealEngine/4.17/DerivedDataCache/Boot.ddc.
[2018.01.27-20.28.13:094][  0]LogInit: Texture streaming: Enabled
[2018.01.27-20.28.13:398][  0]LogEngineSessionManager: EngineSessionManager initialized
[2018.01.27-20.28.13:962][  0]LogInit: Transaction tracking system initialized
[2018.01.27-20.28.14:784][  0]BlueprintLog: New page: Editor Load
[2018.01.27-20.28.17:006][  0]LocalizationService: Localization service is disabled
[2018.01.27-20.28.18:685][  0]LogConsoleResponse: Display: 
[2018.01.27-20.28.18:932][  0]LogCook: Display: Max memory allowance for cook 16384mb min free memory 0mb
[2018.01.27-20.28.18:932][  0]LogCook: Display: Mobile HDR setting 1
[2018.01.27-20.28.18:932][  0]LogGameplayTags: Display: UGameplayTagsManager::DoneAddingNativeTags. DelegateIsBound: 0
[2018.01.27-20.28.19:877][  0]LogFileCache: Scanning file cache for directory 'E:/GlobalGamesJame/GGJ-2018/GGJ_2018_Group_C/Content/' took 0.02s
[2018.01.27-20.28.21:429][  0]Cmd: MAP LOAD FILE="E:/GlobalGamesJame/GGJ-2018/GGJ_2018_Group_C/Content/ThirdPersonBP/Maps/ThirdPersonExampleMap.umap" TEMPLATE=0 SHOWPROGRESS=1 FEATURELEVEL=3
[2018.01.27-20.28.21:430][  0]LightingResults: New page: Lighting Build
[2018.01.27-20.28.21:531][  0]MapCheck: New page: Map Check
[2018.01.27-20.28.21:531][  0]LightingResults: New page: Lighting Build
[2018.01.27-20.28.22:719][  0]LogAIModule: Creating AISystem for world ThirdPersonExampleMap
[2018.01.27-20.28.22:747][  0]LogEditorServer: Finished looking for orphan Actors (0.000 secs)
[2018.01.27-20.28.22:779][  0]Cmd: MAP CHECKDEP NOCLEARLOG
[2018.01.27-20.28.22:902][  0]MapCheck: Map check complete: 0 Error(s), 0 Warning(s), took 122.563ms to complete.
[2018.01.27-20.28.22:902][  0]LogFileHelpers: Loading map 'ThirdPersonExampleMap' took 1.473
[2018.01.27-20.28.23:264][  0]LogCollectionManager: Loaded 0 collections in 0.001822 seconds
[2018.01.27-20.28.23:395][  0]LogFileCache: Scanning file cache for directory 'E:/GlobalGamesJame/GGJ-2018/GGJ_2018_Group_C/Saved/Collections/' took 0.01s
[2018.01.27-20.28.23:395][  0]LogFileCache: Scanning file cache for directory 'E:/GlobalGamesJame/GGJ-2018/GGJ_2018_Group_C/Content/Developers/jrmacdonald/Collections/' took 0.01s
[2018.01.27-20.28.23:395][  0]LogFileCache: Scanning file cache for directory 'E:/GlobalGamesJame/GGJ-2018/GGJ_2018_Group_C/Content/Collections/' took 0.01s
[2018.01.27-20.28.23:395][  0]LogCollectionManager: Rebuilt the GUID cache for 0 collections in 0.000001 seconds
[2018.01.27-20.28.23:406][  0]LogContentBrowser: Native class hierarchy populated in 0.0109 seconds. Added 2387 classes and 502 folders.
[2018.01.27-20.28.23:560][  0]LogContentBrowser: Native class hierarchy updated for 'WidgetCarousel' in 0.0009 seconds. Added 0 classes and 0 folders.
[2018.01.27-20.28.23:618][  0]LogContentBrowser: Native class hierarchy updated for 'AddContentDialog' in 0.0008 seconds. Added 0 classes and 0 folders.
[2018.01.27-20.28.23:637][  0]LogSlate: Took 0.000262 seconds to synchronously load lazily loaded font '../../../Engine/Content/Slate/Fonts/Roboto-Regular.ttf' (155K)
[2018.01.27-20.28.23:639][  0]LogSlate: Took 0.000281 seconds to synchronously load lazily loaded font '../../../Engine/Content/Slate/Fonts/Roboto-Bold.ttf' (160K)
[2018.01.27-20.28.23:645][  0]LogSlate: Took 0.000226 seconds to synchronously load lazily loaded font '../../../Engine/Content/Editor/Slate/Fonts/FontAwesome.ttf' (139K)
[2018.01.27-20.28.23:769][  0]LogRenderer: Reallocating scene render targets to support 256x256 Format 10 NumSamples 1 (Frame:1).
[2018.01.27-20.28.23:796][  0]LogRenderer: Reallocating scene render targets to support 1076x1044 Format 10 NumSamples 1 (Frame:1).
[2018.01.27-20.28.23:846][  0]LogSlate: Took 0.000257 seconds to synchronously load lazily loaded font '../../../Engine/Content/Slate/Fonts/Roboto-Light.ttf' (159K)
[2018.01.27-20.28.24:080][  0]LogContentBrowser: Native class hierarchy updated for 'HierarchicalLODOutliner' in 0.0009 seconds. Added 1 classes and 2 folders.
[2018.01.27-20.28.24:080][  0]LogLoad: (Engine Initialization) Total time: 38.74 seconds
[2018.01.27-20.28.24:080][  0]LogLoad: (Engine Initialization) Total Blueprint compile time: 0.00 seconds
[2018.01.27-20.28.24:080][  0]LogExternalProfiler: No external profilers were discovered.  External profiling features will not be available.
[2018.01.27-20.28.24:451][  0]SourceControl: On branch master
[2018.01.27-20.28.24:452][  0]SourceControl: Your branch is behind 'origin/master' by 5 commits, and can be fast-forwarded.
[2018.01.27-20.28.24:452][  0]SourceControl:   (use "git pull" to update your local branch)
[2018.01.27-20.28.24:452][  0]SourceControl: Changes not staged for commit:
[2018.01.27-20.28.24:452][  0]SourceControl:   (use "git add/rm <file>..." to update what will be committed)
[2018.01.27-20.28.24:452][  0]SourceControl:   (use "git checkout -- <file>..." to discard changes in working directory)
[2018.01.27-20.28.24:452][  0]SourceControl: 	modified:   GGJ_2018_Group_C/Content/ThirdPersonBP/Maps/ThirdPersonExampleMap.umap
[2018.01.27-20.28.24:452][  0]SourceControl: 	modified:   GGJ_2018_Group_C/Content/ThirdPersonBP/Maps/ThirdPersonExampleMapJakob.umap
[2018.01.27-20.28.24:452][  0]SourceControl: 	modified:   GGJ_2018_Group_C/Content/ThirdPersonBP/Maps/ThirdPersonExampleMap_BuiltData.uasset
[2018.01.27-20.28.24:452][  0]SourceControl: 	modified:   GGJ_2018_Group_C/Intermediate/CachedAssetRegistry.bin
[2018.01.27-20.28.24:452][  0]SourceControl: 	modified:   GGJ_2018_Group_C/Saved/AutoScreenshot.png
[2018.01.27-20.28.24:452][  0]SourceControl: 	modified:   GGJ_2018_Group_C/Saved/Autosaves/PackageRestoreData.json
[2018.01.27-20.28.24:452][  0]SourceControl: 	deleted:    GGJ_2018_Group_C/Saved/Backup/AI_Enemy_2018-01-27-14-05-10.uasset
[2018.01.27-20.28.24:452][  0]SourceControl: 	deleted:    GGJ_2018_Group_C/Saved/Backup/AI_Enemy_2018-01-27-14-17-57.uasset
[2018.01.27-20.28.24:452][  0]SourceControl: 	deleted:    GGJ_2018_Group_C/Saved/Backup/AI_Enemy_2018-01-27-14-33-18.uasset
[2018.01.27-20.28.24:452][  0]SourceControl: 	deleted:    GGJ_2018_Group_C/Saved/Backup/AI_Enemy_2018-01-27-15-03-40.uasset
[2018.01.27-20.28.24:452][  0]SourceControl: 	deleted:    GGJ_2018_Group_C/Saved/Backup/AI_HUD_2018-01-27-14-08-00.uasset
[2018.01.27-20.28.24:452][  0]SourceControl: 	deleted:    GGJ_2018_Group_C/Saved/Backup/BP_Red_ZoneTest_2018-01-27-14-00-44.uasset
[2018.01.27-20.28.24:452][  0]SourceControl: 	deleted:    GGJ_2018_Group_C/Saved/Backup/BP_Red_ZoneTest_2018-01-27-14-22-44.uasset
[2018.01.27-20.28.24:452][  0]SourceControl: 	deleted:    GGJ_2018_Group_C/Saved/Backup/BP_Red_ZoneTest_2018-01-27-14-34-36.uasset
[2018.01.27-20.28.24:452][  0]SourceControl: 	deleted:    GGJ_2018_Group_C/Saved/Backup/BP_Red_Zone_2018-01-27-13-42-43.uasset
[2018.01.27-20.28.24:452][  0]SourceControl: 	deleted:    GGJ_2018_Group_C/Saved/Backup/BP_Spawn_RED_Zone_2018-01-27-13-49-03.uasset
[2018.01.27-20.28.24:452][  0]SourceControl: 	deleted:    GGJ_2018_Group_C/Saved/Backup/BP_Spawn_RED_Zone_2018-01-27-13-54-09.uasset
[2018.01.27-20.28.24:452][  0]SourceControl: 	deleted:    GGJ_2018_Group_C/Saved/Backup/BP_Vent_2018-01-27-14-14-35.uasset
[2018.01.27-20.28.24:452][  0]SourceControl: 	deleted:    GGJ_2018_Group_C/Saved/Backup/BP_Vent_2018-01-27-14-27-22.uasset
[2018.01.27-20.28.24:452][  0]SourceControl: 	deleted:    GGJ_2018_Group_C/Saved/Backup/BP_Vent_2018-01-27-14-39-13.uasset
[2018.01.27-20.28.24:452][  0]SourceControl: 	deleted:    GGJ_2018_Group_C/Saved/Backup/BP_Vent_2018-01-27-14-45-26.uasset
[2018.01.27-20.28.24:452][  0]SourceControl: 	deleted:    GGJ_2018_Group_C/Saved/Backup/BP_Vent_2018-01-27-15-04-55.uasset
[2018.01.27-20.28.24:452][  0]SourceControl: 	deleted:    GGJ_2018_Group_C/Saved/Backup/M_PossedParticleTjhing_2018-01-27-13-47-58.uasset
[2018.01.27-20.28.24:452][  0]SourceControl: 	deleted:    GGJ_2018_Group_C/Saved/Backup/M_PossedParticle_2018-01-27-13-07-35.uasset
[2018.01.27-20.28.24:452][  0]SourceControl: 	deleted:    GGJ_2018_Group_C/Saved/Backup/M_PossedParticle_2018-01-27-13-41-43.uasset
[2018.01.27-20.28.24:452][  0]SourceControl: 	deleted:    GGJ_2018_Group_C/Saved/Backup/M_Possessed_2018-01-27-13-53-04.uasset
[2018.01.27-20.28.24:452][  0]SourceControl: 	deleted:    GGJ_2018_Group_C/Saved/Backup/P_Possesd_2018-01-27-13-47-55.uasset
[2018.01.27-20.28.24:452][  0]SourceControl: 	deleted:    GGJ_2018_Group_C/Saved/Backup/ThirdPersonExampJakobs_2018-01-27-13-53-04.umap
[2018.01.27-20.28.24:452][  0]SourceControl: 	deleted:    GGJ_2018_Group_C/Saved/Backup/ThirdPersonExampJakobs_2018-01-27-15-09-06.umap
[2018.01.27-20.28.24:452][  0]SourceControl: 	deleted:    GGJ_2018_Group_C/Saved/Backup/ThirdPersonExampleMap_2018-01-27-12-03-24.umap
[2018.01.27-20.28.24:452][  0]SourceControl: 	deleted:    GGJ_2018_Group_C/Saved/Backup/ThirdPersonExampleMap_2018-01-27-12-26-03.umap
[2018.01.27-20.28.24:452][  0]SourceControl: 	deleted:    GGJ_2018_Group_C/Saved/Backup/ThirdPersonExampleMap_2018-01-27-12-40-10.umap
[2018.01.27-20.28.24:453][  0]SourceControl: 	deleted:    GGJ_2018_Group_C/Saved/Backup/ThirdPersonExampleMap_2018-01-27-12-51-56.umap
[2018.01.27-20.28.24:453][  0]SourceControl: 	deleted:    GGJ_2018_Group_C/Saved/Backup/ThirdPersonExampleMap_2018-01-27-13-00-07.umap
[2018.01.27-20.28.24:453][  0]SourceControl: 	deleted:    GGJ_2018_Group_C/Saved/Backup/ThirdPersonExampleMap_2018-01-27-13-43-27.umap
[2018.01.27-20.28.24:453][  0]SourceControl: 	deleted:    GGJ_2018_Group_C/Saved/Backup/ThirdPersonExampleMap_2018-01-27-14-30-12.umap
[2018.01.27-20.28.24:453][  0]SourceControl: 	deleted:    GGJ_2018_Group_C/Saved/Backup/ThirdPersonExampleMap_2018-01-27-14-39-22.umap
[2018.01.27-20.28.24:453][  0]SourceControl: 	deleted:    GGJ_2018_Group_C/Saved/Backup/ThirdPersonExampleMap_BuiltData_2018-01-27-11-52-30.uasset
[2018.01.27-20.28.24:453][  0]SourceControl: 	modified:   GGJ_2018_Group_C/Saved/Config/Windows/EditorPerProjectUserSettings.ini
[2018.01.27-20.28.24:453][  0]SourceControl: 	modified:   GGJ_2018_Group_C/Saved/Config/Windows/Engine.ini
[2018.01.27-20.28.24:453][  0]SourceControl: 	deleted:    GGJ_2018_Group_C/Saved/Logs/Group_C-backup-2018.01.27-11.47.13.log
[2018.01.27-20.28.24:453][  0]SourceControl: 	deleted:    GGJ_2018_Group_C/Saved/Logs/Group_C-backup-2018.01.27-11.51.08.log
[2018.01.27-20.28.24:453][  0]SourceControl: 	deleted:    GGJ_2018_Group_C/Saved/Logs/Group_C-backup-2018.01.27-13.18.05.log
[2018.01.27-20.28.24:453][  0]SourceControl: 	deleted:    GGJ_2018_Group_C/Saved/Logs/Group_C-backup-2018.01.27-13.29.12.log
[2018.01.27-20.28.24:453][  0]SourceControl: 	modified:   GGJ_2018_Group_C/Saved/Logs/Group_C.log
[2018.01.27-20.28.24:453][  0]SourceControl: 	modified:   GGJ_2018_Group_C/Saved/Logs/Group_C_2.log
[2018.01.27-20.28.24:453][  0]SourceControl: Untracked files:
[2018.01.27-20.28.24:453][  0]SourceControl:   (use "git add <file>..." to include in what will be committed)
[2018.01.27-20.28.24:453][  0]SourceControl: 	GGJ_2018_Group_C/Content/Levels/
[2018.01.27-20.28.24:453][  0]SourceControl: 	GGJ_2018_Group_C/Content/ThirdPersonBP/Maps/ThirdPersonExampleMapJakob2.umap
[2018.01.27-20.28.24:453][  0]SourceControl: 	GGJ_2018_Group_C/Saved/Backup/ThirdPersonExampleMapJakob_2018-01-27-20-27-04.umap
[2018.01.27-20.28.24:453][  0]SourceControl: 	GGJ_2018_Group_C/Saved/Backup/ThirdPersonExampleMap_2018-01-27-20-19-26.umap
[2018.01.27-20.28.24:453][  0]SourceControl: 	GGJ_2018_Group_C/Saved/Backup/ThirdPersonExampleMap_2018-01-27-20-26-34.umap
[2018.01.27-20.28.24:453][  0]SourceControl: 	GGJ_2018_Group_C/Saved/Backup/ThirdPersonExampleMap_BuiltData_2018-01-27-20-19-30.uasset
[2018.01.27-20.28.24:453][  0]SourceControl: 	GGJ_2018_Group_C/Saved/Backup/ThirdPersonExampleMap_BuiltData_2018-01-27-20-26-39.uasset
[2018.01.27-20.28.24:453][  0]SourceControl: 	GGJ_2018_Group_C/Saved/Crashes/UE4CC-Windows-ED2F74654BCE0919FAC127BD8810120A_0000/
[2018.01.27-20.28.24:453][  0]SourceControl: 	GGJ_2018_Group_C/Saved/Crashes/UE4CC-Windows-ED2F74654BCE0919FAC127BD8810120A_0001/
[2018.01.27-20.28.24:453][  0]SourceControl: 	GGJ_2018_Group_C/Saved/ThirdPersonExampleMapJakob8DFAC441412D0B6AD48C5E883BE3F009.tmp
[2018.01.27-20.28.24:453][  0]SourceControl: no changes added to commit (use "git add" and/or "git commit -a")
[2018.01.27-20.28.24:454][  0]LogContentStreaming: Texture pool size now 1000 MB
[2018.01.27-20.28.25:094][  2]LogAssetRegistry: Asset discovery search completed in 27.2173 seconds
[2018.01.27-20.28.25:097][  2]LogCollectionManager: Rebuilt the object cache for 0 collections in 0.000001 seconds (found 0 objects)
[2018.01.27-20.28.25:097][  2]LogCollectionManager: Fixed up redirectors for 0 collections in 0.000072 seconds (updated 0 objects)
