Log file open, 01/27/18 13:18:05
LogWindows: Failed to load 'aqProf.dll' (GetLastError=126)
LogWindows: File 'aqProf.dll' does not exist
LogWindows: Failed to load 'VSPerf140.dll' (GetLastError=126)
LogWindows: File 'VSPerf140.dll' does not exist
LogWindows: Failed to load 'VtuneApi.dll' (GetLastError=126)
LogWindows: File 'VtuneApi.dll' does not exist
LogWindows: Failed to load 'VtuneApi32e.dll' (GetLastError=126)
LogWindows: File 'VtuneApi32e.dll' does not exist
LogInit: Display: Running engine for game: Group_C
LogPlatformFile: Not using cached read wrapper
LogInit: Display: RandInit(1138134875) SRandInit(1138134875).
LogTaskGraph: Started task graph with 5 named threads and 14 total threads with 3 sets of task threads.
LogStats: Stats thread started at 0.183379
LogD3D11RHI: Aftermath initialized
LogPluginManager: Mounting plugin Paper2D
LogPluginManager: Mounting plugin LightPropagationVolume
LogPluginManager: Mounting plugin CodeLiteSourceCodeAccess
LogPluginManager: Mounting plugin GitSourceControl
LogPluginManager: Mounting plugin KDevelopSourceCodeAccess
LogPluginManager: Mounting plugin NullSourceCodeAccess
LogPluginManager: Mounting plugin PerforceSourceControl
LogPluginManager: Mounting plugin SubversionSourceControl
LogPluginManager: Mounting plugin UObjectPlugin
LogPluginManager: Mounting plugin VisualStudioSourceCodeAccess
LogPluginManager: Mounting plugin XCodeSourceCodeAccess
LogPluginManager: Mounting plugin AssetManagerEditor
LogPluginManager: Mounting plugin AudioCapture
LogPluginManager: Mounting plugin FacialAnimation
LogPluginManager: Mounting plugin GameplayTagsEditor
LogPluginManager: Mounting plugin MobileLauncherProfileWizard
LogPluginManager: Mounting plugin PluginBrowser
LogPluginManager: Mounting plugin SpeedTreeImporter
LogPluginManager: Mounting plugin AlembicImporter
LogPluginManager: Mounting plugin CharacterAI
LogPluginManager: Mounting plugin HTML5Networking
LogPluginManager: Mounting plugin AndroidMedia
LogPluginManager: Mounting plugin AvfMedia
LogPluginManager: Mounting plugin MediaPlayerEditor
LogPluginManager: Mounting plugin WmfMedia
LogPluginManager: Mounting plugin TcpMessaging
LogPluginManager: Mounting plugin UdpMessaging
LogPluginManager: Mounting plugin LevelSequenceEditor
LogPluginManager: Mounting plugin MatineeToLevelSequence
LogPluginManager: Mounting plugin OnlineSubsystemGooglePlay
LogPluginManager: Mounting plugin OnlineSubsystemIOS
LogPluginManager: Mounting plugin OnlineSubsystem
LogPluginManager: Mounting plugin OnlineSubsystemNull
LogPluginManager: Mounting plugin OnlineSubsystemUtils
LogPluginManager: Mounting plugin AndroidDeviceProfileSelector
LogPluginManager: Mounting plugin AndroidMoviePlayer
LogPluginManager: Mounting plugin AndroidPermission
LogPluginManager: Mounting plugin AppleMoviePlayer
LogPluginManager: Mounting plugin ArchVisCharacter
LogPluginManager: Mounting plugin CableComponent
LogPluginManager: Mounting plugin CustomMeshComponent
LogPluginManager: Mounting plugin ExampleDeviceProfileSelector
LogPluginManager: Mounting plugin GoogleCloudMessaging
LogPluginManager: Mounting plugin ImmediatePhysics
LogPluginManager: Mounting plugin IOSDeviceProfileSelector
LogPluginManager: Mounting plugin LinuxDeviceProfileSelector
LogPluginManager: Mounting plugin LocationServicesBPLibrary
LogPluginManager: Mounting plugin MobilePatchingUtils
LogPluginManager: Mounting plugin OculusVR
LogPluginManager: Mounting plugin PhysXVehicles
LogPluginManager: Mounting plugin ProceduralMeshComponent
LogPluginManager: Mounting plugin RuntimePhysXCooking
LogPluginManager: Mounting plugin SteamVR
LogPluginManager: Mounting plugin WindowsMoviePlayer
LogInit: Using libcurl 7.47.1
LogInit:  - built for x86_64-pc-win32
LogInit:  - supports SSL with OpenSSL/1.0.2g
LogInit:  - supports HTTP deflate (compression) using libz 1.2.8
LogInit:  - other features:
LogInit:      CURL_VERSION_SSL
LogInit:      CURL_VERSION_LIBZ
LogInit:      CURL_VERSION_IPV6
LogInit:      CURL_VERSION_ASYNCHDNS
LogInit:      CURL_VERSION_LARGEFILE
LogInit:      CURL_VERSION_IDN
LogInit:  CurlRequestOptions (configurable via config and command line):
LogInit:  - bVerifyPeer = false  - Libcurl will NOT verify peer certificate
LogInit:  - bUseHttpProxy = false  - Libcurl will NOT use HTTP proxy
LogInit:  - bDontReuseConnections = false  - Libcurl will reuse connections
LogInit:  - CertBundlePath = nullptr  - Libcurl will use whatever was configured at build time.
LogInit: Build: ++UE4+Release-4.17-CL-3658906
LogInit: Engine Version: 4.17.2-3658906+++UE4+Release-4.17
LogInit: Compatible Engine Version: 4.17.0-3573198+++UE4+Release-4.17
LogInit: Net CL: 3573198
LogDevObjectVersion: Number of dev versions registered: 16
LogDevObjectVersion:   Dev-Blueprints (B0D832E4-1F89-4F0D-ACCF-7EB736FD4AA2): 10
LogDevObjectVersion:   Dev-Build (E1C64328-A22C-4D53-A36C-8E866417BD8C): 0
LogDevObjectVersion:   Dev-Core (375EC13C-06E4-48FB-B500-84F0262A717E): 2
LogDevObjectVersion:   Dev-Editor (E4B068ED-F494-42E9-A231-DA0B2E46BB41): 20
LogDevObjectVersion:   Dev-Framework (CFFC743F-43B0-4480-9391-14DF171D2073): 28
LogDevObjectVersion:   Dev-Mobile (B02B49B5-BB20-44E9-A304-32B752E40360): 0
LogDevObjectVersion:   Dev-Networking (A4E4105C-59A1-49B5-A7C5-40C4547EDFEE): 0
LogDevObjectVersion:   Dev-Online (39C831C9-5AE6-47DC-9A44-9C173E1C8E7C): 0
LogDevObjectVersion:   Dev-Physics (78F01B33-EBEA-4F98-B9B4-84EACCB95AA2): 0
LogDevObjectVersion:   Dev-Platform (6631380F-2D4D-43E0-8009-CF276956A95A): 0
LogDevObjectVersion:   Dev-Rendering (12F88B9F-8875-4AFC-A67C-D90C383ABD29): 19
LogDevObjectVersion:   Dev-Sequencer (7B5AE74C-D270-4C10-A958-57980B212A5A): 4
LogDevObjectVersion:   Dev-VR (D7296918-1DD6-4BDD-9DE2-64A83CC13884): 0
LogDevObjectVersion:   Dev-LoadTimes (C2A15278-BFE7-4AFE-6C17-90FF531DF755): 1
LogDevObjectVersion:   Private-Geometry (6EACA3D4-40EC-4CC1-B786-8BED09428FC5): 1
LogDevObjectVersion:   Dev-AnimPhys (29E575DD-E0A3-4627-9D10-D276232CDCEA): 7
LogInit: Compiled (64-bit): Sep 22 2017 13:47:16
LogInit: Compiled with Visual C++: 19.00.24215.01
LogInit: Build Configuration: Development
LogInit: Branch Name: ++UE4+Release-4.17
LogInit: Command line:  
LogInit: Base directory: C:/Program Files/Epic Games/UE_4.17/Engine/Binaries/Win64/
LogInit: Installed Engine Build: 1
LogInit: Presizing for max 8388607 objects, including 0 objects not considered by GC, pre-allocating 0 bytes for permanent pool.
LogInit: Object subsystem initialized
[2018.01.27-13.18.06:808][  0]LogInit: Selected Device Profile: [Windows]
[2018.01.27-13.18.06:808][  0]LogInit: Applying CVar settings loaded from the selected device profile: [Windows]
[2018.01.27-13.18.06:839][  0]LogInit: Computer: GC010714R
[2018.01.27-13.18.06:839][  0]LogInit: User: jrmacdonald
[2018.01.27-13.18.06:839][  0]LogInit: CPU Page size=4096, Cores=4
[2018.01.27-13.18.06:839][  0]LogInit: High frequency timer resolution =3.215349 MHz
[2018.01.27-13.18.06:839][  0]LogMemory: Memory total: Physical=15.9GB (16GB approx)
[2018.01.27-13.18.06:839][  0]LogMemory: Platform Memory Stats for Windows
[2018.01.27-13.18.06:839][  0]LogMemory: Process Physical Memory: 280.13 MB used, 280.13 MB peak
[2018.01.27-13.18.06:839][  0]LogMemory: Process Virtual Memory: 278.51 MB used, 278.51 MB peak
[2018.01.27-13.18.06:839][  0]LogMemory: Physical Memory: 5627.38 MB used,  10700.95 MB free, 16328.34 MB total
[2018.01.27-13.18.06:839][  0]LogMemory: Virtual Memory: 670.03 MB used,  10700.95 MB free, 134217728.00 MB total
[2018.01.27-13.18.07:197][  0]LogInit: Using OS detected language (en-GB).
[2018.01.27-13.18.07:197][  0]LogInit: Using OS detected locale (en-GB).
[2018.01.27-13.18.07:201][  0]LogTextLocalizationManager: No specific localization for 'en-GB' exists, so the 'en' localization will be used.
[2018.01.27-13.18.08:052][  0]LogD3D11RHI: D3D11 adapters:
[2018.01.27-13.18.08:099][  0]LogD3D11RHI:    0. 'NVIDIA GeForce GTX 660' (Feature Level 11_0)
[2018.01.27-13.18.08:099][  0]LogD3D11RHI:       2015/0/8164 MB DedicatedVideo/DedicatedSystem/SharedSystem, Outputs:2, VendorId:0x10de
[2018.01.27-13.18.08:101][  0]LogD3D11RHI:    1. 'Microsoft Basic Render Driver' (Feature Level 11_0)
[2018.01.27-13.18.08:101][  0]LogD3D11RHI:       0/0/8164 MB DedicatedVideo/DedicatedSystem/SharedSystem, Outputs:0, VendorId:0x1414
[2018.01.27-13.18.08:101][  0]LogD3D11RHI: Chosen D3D11 Adapter: 0
[2018.01.27-13.18.08:105][  0]LogD3D11RHI: Creating new Direct3DDevice
[2018.01.27-13.18.08:105][  0]LogD3D11RHI:     GPU DeviceId: 0x11c0 (for the marketing name, search the web for "GPU Device Id")
[2018.01.27-13.18.08:105][  0]LogWindows: EnumDisplayDevices:
[2018.01.27-13.18.08:105][  0]LogWindows:    0. 'NVIDIA GeForce GTX 660' (P:1 D:1)
[2018.01.27-13.18.08:106][  0]LogWindows:    1. 'NVIDIA GeForce GTX 660' (P:0 D:1)
[2018.01.27-13.18.08:106][  0]LogWindows:    2. 'NVIDIA GeForce GTX 660' (P:0 D:0)
[2018.01.27-13.18.08:106][  0]LogWindows:    3. 'NVIDIA GeForce GTX 660' (P:0 D:0)
[2018.01.27-13.18.08:106][  0]LogWindows: DebugString: FoundDriverCount:4 
[2018.01.27-13.18.08:106][  0]LogD3D11RHI:     Adapter Name: NVIDIA GeForce GTX 660
[2018.01.27-13.18.08:106][  0]LogD3D11RHI:   Driver Version: 384.94 (internal:22.21.13.8494, unified:384.94)
[2018.01.27-13.18.08:106][  0]LogD3D11RHI:      Driver Date: 7-18-2017
[2018.01.27-13.18.08:106][  0]LogRHI: Texture pool is 1361 MB (70% of 1945 MB)
[2018.01.27-13.18.08:121][  0]LogD3D11RHI: Async texture creation enabled
[2018.01.27-13.18.08:137][  0]LogD3D11RHI: GPU Timing Frequency: 1000.000000 (Debug: 2 2)
[2018.01.27-13.18.08:139][  0]LogShaderCompilers: Guid format shader working directory is 8 characters bigger than the processId version (E:/GlobalGamesJame/GGJ-2018/GGJ_2018_Group_C/Intermediate/Shaders/WorkingDirectory/8152/).
[2018.01.27-13.18.08:139][  0]LogShaderCompilers: Cleaned the shader compiler working directory 'C:/Users/jrmacdonald/AppData/Local/Temp/UnrealShaderWorkingDir/6AAF439B4AEC414A845BBDBB8178989E/'.
[2018.01.27-13.18.08:139][  0]LogShaderCompilers: Display: Using Local Shader Compiler.
[2018.01.27-13.18.09:359][  0]LogTemp: Display: Loaded TP AllDesktopTargetPlatform
[2018.01.27-13.18.09:468][  0]LogTemp: Display: Loaded TP MacClientTargetPlatform
[2018.01.27-13.18.09:574][  0]LogTemp: Display: Loaded TP MacNoEditorTargetPlatform
[2018.01.27-13.18.09:677][  0]LogTemp: Display: Loaded TP MacServerTargetPlatform
[2018.01.27-13.18.09:779][  0]LogTemp: Display: Loaded TP MacTargetPlatform
[2018.01.27-13.18.09:884][  0]LogTemp: Display: Loaded TP WindowsClientTargetPlatform
[2018.01.27-13.18.09:985][  0]LogTemp: Display: Loaded TP WindowsNoEditorTargetPlatform
[2018.01.27-13.18.10:089][  0]LogTemp: Display: Loaded TP WindowsServerTargetPlatform
[2018.01.27-13.18.10:184][  0]LogTemp: Display: Loaded TP WindowsTargetPlatform
[2018.01.27-13.18.10:302][  0]LogTemp: Display: Loaded TP AndroidTargetPlatform
[2018.01.27-13.18.10:438][  0]LogTemp: Display: Loaded TP Android_ASTCTargetPlatform
[2018.01.27-13.18.10:541][  0]LogTemp: Display: Loaded TP Android_ATCTargetPlatform
[2018.01.27-13.18.10:643][  0]LogTemp: Display: Loaded TP Android_DXTTargetPlatform
[2018.01.27-13.18.10:745][  0]LogTemp: Display: Loaded TP Android_ETC1TargetPlatform
[2018.01.27-13.18.10:860][  0]LogTemp: Display: Loaded TP Android_ETC2TargetPlatform
[2018.01.27-13.18.11:095][  0]LogTemp: Display: Loaded TP Android_MultiTargetPlatform
[2018.01.27-13.18.11:095][  0]LogTemp: Display: Loaded TP Android_PVRTCTargetPlatform
[2018.01.27-13.18.11:182][  0]LogTemp: Display: Loaded TP HTML5TargetPlatform
[2018.01.27-13.18.11:354][  0]LogTemp: Display: Loaded TP IOSTargetPlatform
[2018.01.27-13.18.11:413][  0]LogTemp: Display: Loaded TP TVOSTargetPlatform
[2018.01.27-13.18.11:513][  0]LogTemp: Display: Loaded TP LinuxClientTargetPlatform
[2018.01.27-13.18.11:614][  0]LogTemp: Display: Loaded TP LinuxNoEditorTargetPlatform
[2018.01.27-13.18.11:716][  0]LogTemp: Display: Loaded TP LinuxServerTargetPlatform
[2018.01.27-13.18.11:818][  0]LogTemp: Display: Loaded TP LinuxTargetPlatform
[2018.01.27-13.18.11:819][  0]LogTargetPlatformManager: Display: Building Assets For Windows
[2018.01.27-13.18.12:868][  0]LogDerivedDataCache: Display: Max Cache Size: 512 MB
[2018.01.27-13.18.12:963][  0]LogDerivedDataCache: Loaded boot cache 0.09s 93MB C:/Users/jrmacdonald/AppData/Local/UnrealEngine/4.17/DerivedDataCache/Boot.ddc.
[2018.01.27-13.18.12:963][  0]LogDerivedDataCache: Display: Loaded Boot cache: C:/Users/jrmacdonald/AppData/Local/UnrealEngine/4.17/DerivedDataCache/Boot.ddc
[2018.01.27-13.18.12:963][  0]LogDerivedDataCache: FDerivedDataBackendGraph:  Pak pak cache file E:/GlobalGamesJame/GGJ-2018/GGJ_2018_Group_C/DerivedDataCache/DDC.ddp not found, will not use a pak cache.
[2018.01.27-13.18.12:963][  0]LogDerivedDataCache: Unable to find inner node Pak for hierarchical cache Hierarchy.
[2018.01.27-13.18.12:963][  0]LogDerivedDataCache: FDerivedDataBackendGraph:  CompressedPak pak cache file E:/GlobalGamesJame/GGJ-2018/GGJ_2018_Group_C/DerivedDataCache/Compressed.ddp not found, will not use a pak cache.
[2018.01.27-13.18.12:963][  0]LogDerivedDataCache: Unable to find inner node CompressedPak for hierarchical cache Hierarchy.
[2018.01.27-13.18.12:981][  0]LogDerivedDataCache: Display: Pak cache opened for reading ../../../Engine/DerivedDataCache/Compressed.ddp.
[2018.01.27-13.18.12:994][  0]LogDerivedDataCache: Using Local data cache path C:/Users/jrmacdonald/AppData/Local/UnrealEngine/Common/DerivedDataCache: Writable
[2018.01.27-13.18.13:006][  0]LogMaterial: Verifying Global Shaders for PCD3D_SM5
[2018.01.27-13.18.13:007][  0]LogSlate: Using Freetype 2.6.0
[2018.01.27-13.18.13:008][  0]LogSlate: SlateFontCache - WITH_FREETYPE: 1, WITH_HARFBUZZ: 1
[2018.01.27-13.18.13:008][  0]LogSlate: SlateFontCache - WITH_FREETYPE: 1, WITH_HARFBUZZ: 1
[2018.01.27-13.18.13:392][  0]LogAssetRegistry: FAssetRegistry took 0.0270 seconds to start up
[2018.01.27-13.18.13:579][  0]LogInit: Selected Device Profile: [Windows]
[2018.01.27-13.18.13:754][  0]LogContentStreaming: Texture pool size is 0.00 MB
[2018.01.27-13.18.14:311][  0]LogSimplygon: Simplygon DLL not present - disabling.
[2018.01.27-13.18.14:399][  0]LogMeshReduction: Using SimplygonSwarm for distributed automatic mesh merging
[2018.01.27-13.18.14:399][  0]LogMeshReduction: Using QuadricMeshReduction for automatic static mesh reduction
[2018.01.27-13.18.14:399][  0]LogMeshReduction: No automatic skeletal mesh reduction module available
[2018.01.27-13.18.14:399][  0]LogMeshReduction: No automatic mesh merging module available
[2018.01.27-13.18.14:399][  0]LogMeshMerging: No automatic mesh merging module available
[2018.01.27-13.18.14:845][  0]LogNetVersion: Group_C , NetCL: 3573198, EngineNetVer: 2, GameNetVer: 0 (Checksum: 2017696342)
[2018.01.27-13.18.15:337][  0]LogPackageLocalizationCache: Processed 5 localized package path(s) for 2 prioritized culture(s) in 0.228592 seconds
[2018.01.27-13.18.15:343][  0]LogUObjectArray: 35825 objects as part of root set at end of initial load.
[2018.01.27-13.18.15:343][  0]LogUObjectAllocator: 7529104 out of 0 bytes used by permanent object pool.
[2018.01.27-13.18.15:343][  0]LogUObjectArray: CloseDisregardForGC: 0/0 objects in disregard for GC pool
[2018.01.27-13.18.15:480][  0]LogInit: WinSock: version 1.1 (2.2), MaxSocks=32767, MaxUdp=65467
[2018.01.27-13.18.19:891][  0]LogTcpMessaging: Initializing TcpMessaging bridge
[2018.01.27-13.18.19:961][  0]LogUdpMessaging: Initializing bridge on interface 0.0.0.0:0 to multicast group 230.0.0.1:6666.
[2018.01.27-13.18.21:249][  0]LogMaterial: Uniform references updated for custom material expression Custom.
[2018.01.27-13.18.22:060][  0]SourceControl: Source control is disabled
[2018.01.27-13.18.23:780][  0]LogAndroidPermission: UAndroidPermissionCallbackProxy::GetInstance
[2018.01.27-13.18.24:319][  0]LogOcInput: OculusInput pre-init called
[2018.01.27-13.18.24:821][  0]LogEngine: Initializing Engine...
[2018.01.27-13.18.24:823][  0]LogHMD: Failed to initialize OpenVR with code 110
[2018.01.27-13.18.25:071][  0]LogStats: UGameplayTagsManager::ConstructGameplayTagTree: Construct from data asset -  0.000 s
[2018.01.27-13.18.25:071][  0]LogStats: UGameplayTagsManager::ConstructGameplayTagTree: GameplayTagTreeChangedEvent.Broadcast -  0.000 s
[2018.01.27-13.18.25:342][  0]LogAIModule: Creating AISystem for world Untitled
[2018.01.27-13.18.25:352][  0]LogInit: XAudio2 using 'Speakers (Realtek High Definition Audio)' : 2 channels at 48 kHz using 32 bits per sample (channel mask 0x3)
[2018.01.27-13.18.25:361][  0]LogInit: FAudioDevice initialized.
[2018.01.27-13.18.25:545][  0]LogDerivedDataCache: Saved boot cache 0.18s 93MB C:/Users/jrmacdonald/AppData/Local/UnrealEngine/4.17/DerivedDataCache/Boot.ddc.
[2018.01.27-13.18.25:561][  0]LogInit: Texture streaming: Enabled
[2018.01.27-13.18.25:820][  0]LogEngineSessionManager: EngineSessionManager initialized
[2018.01.27-13.18.26:327][  0]LogInit: Transaction tracking system initialized
[2018.01.27-13.18.27:001][  0]BlueprintLog: New page: Editor Load
[2018.01.27-13.18.29:016][  0]LocalizationService: Localization service is disabled
[2018.01.27-13.18.30:478][  0]LogConsoleResponse: Display: 
[2018.01.27-13.18.30:734][  0]LogCook: Display: Max memory allowance for cook 16384mb min free memory 0mb
[2018.01.27-13.18.30:734][  0]LogCook: Display: Mobile HDR setting 1
[2018.01.27-13.18.30:734][  0]LogGameplayTags: Display: UGameplayTagsManager::DoneAddingNativeTags. DelegateIsBound: 0
[2018.01.27-13.18.31:295][  0]LogFileCache: Scanning file cache for directory 'E:/GlobalGamesJame/GGJ-2018/GGJ_2018_Group_C/Content/' took 0.02s
[2018.01.27-13.18.32:996][  0]Cmd: MAP LOAD FILE="E:/GlobalGamesJame/GGJ-2018/GGJ_2018_Group_C/Content/ThirdPersonBP/Maps/ThirdPersonExampleMap.umap" TEMPLATE=0 SHOWPROGRESS=1 FEATURELEVEL=3
[2018.01.27-13.18.32:997][  0]LightingResults: New page: Lighting Build
[2018.01.27-13.18.33:092][  0]MapCheck: New page: Map Check
[2018.01.27-13.18.33:092][  0]LightingResults: New page: Lighting Build
[2018.01.27-13.18.33:972][  0]LogAIModule: Creating AISystem for world ThirdPersonExampleMap
[2018.01.27-13.18.33:990][  0]LogEditorServer: Finished looking for orphan Actors (0.000 secs)
[2018.01.27-13.18.34:015][  0]Cmd: MAP CHECKDEP NOCLEARLOG
[2018.01.27-13.18.34:120][  0]MapCheck: Map check complete: 0 Error(s), 0 Warning(s), took 105.175ms to complete.
[2018.01.27-13.18.34:120][  0]LogFileHelpers: Loading map 'ThirdPersonExampleMap' took 1.125
[2018.01.27-13.18.34:256][  0]LogCollectionManager: Loaded 0 collections in 0.001943 seconds
[2018.01.27-13.18.34:410][  0]LogFileCache: Scanning file cache for directory 'E:/GlobalGamesJame/GGJ-2018/GGJ_2018_Group_C/Saved/Collections/' took 0.01s
[2018.01.27-13.18.34:410][  0]LogFileCache: Scanning file cache for directory 'E:/GlobalGamesJame/GGJ-2018/GGJ_2018_Group_C/Content/Developers/jrmacdonald/Collections/' took 0.01s
[2018.01.27-13.18.34:410][  0]LogFileCache: Scanning file cache for directory 'E:/GlobalGamesJame/GGJ-2018/GGJ_2018_Group_C/Content/Collections/' took 0.01s
[2018.01.27-13.18.34:410][  0]LogCollectionManager: Rebuilt the GUID cache for 0 collections in 0.000001 seconds
[2018.01.27-13.18.34:421][  0]LogContentBrowser: Native class hierarchy populated in 0.0105 seconds. Added 2386 classes and 500 folders.
[2018.01.27-13.18.34:635][  0]LogContentBrowser: Native class hierarchy updated for 'WidgetCarousel' in 0.0010 seconds. Added 0 classes and 0 folders.
[2018.01.27-13.18.34:703][  0]LogContentBrowser: Native class hierarchy updated for 'AddContentDialog' in 0.0008 seconds. Added 0 classes and 0 folders.
[2018.01.27-13.18.34:869][  0]LogContentBrowser: Native class hierarchy updated for 'SceneOutliner' in 0.0008 seconds. Added 1 classes and 2 folders.
[2018.01.27-13.18.34:893][  0]LogSlate: Took 0.000332 seconds to synchronously load lazily loaded font '../../../Engine/Content/Slate/Fonts/Roboto-Regular.ttf' (155K)
[2018.01.27-13.18.34:895][  0]LogSlate: Took 0.000245 seconds to synchronously load lazily loaded font '../../../Engine/Content/Slate/Fonts/Roboto-Bold.ttf' (160K)
[2018.01.27-13.18.34:896][  0]LogSlate: Took 0.000198 seconds to synchronously load lazily loaded font '../../../Engine/Content/Editor/Slate/Fonts/FontAwesome.ttf' (139K)
[2018.01.27-13.18.34:924][  0]LogSlate: Took 0.000314 seconds to synchronously load lazily loaded font '../../../Engine/Content/Slate/Fonts/Roboto-Light.ttf' (159K)
[2018.01.27-13.18.35:027][  0]LogRenderer: Reallocating scene render targets to support 256x256 Format 10 NumSamples 1 (Frame:1).
[2018.01.27-13.18.35:044][  0]LogRenderer: Reallocating scene render targets to support 1076x1044 Format 10 NumSamples 1 (Frame:1).
[2018.01.27-13.18.35:338][  0]LogContentBrowser: Native class hierarchy updated for 'HierarchicalLODOutliner' in 0.0009 seconds. Added 1 classes and 2 folders.
[2018.01.27-13.18.35:339][  0]LogLoad: (Engine Initialization) Total time: 31.48 seconds
[2018.01.27-13.18.35:339][  0]LogLoad: (Engine Initialization) Total Blueprint compile time: 0.00 seconds
[2018.01.27-13.18.35:339][  0]LogExternalProfiler: No external profilers were discovered.  External profiling features will not be available.
[2018.01.27-13.18.35:376][  0]SourceControl: On branch master
[2018.01.27-13.18.35:376][  0]SourceControl: Your branch is up-to-date with 'origin/master'.
[2018.01.27-13.18.35:376][  0]SourceControl: Changes not staged for commit:
[2018.01.27-13.18.35:376][  0]SourceControl:   (use "git add <file>..." to update what will be committed)
[2018.01.27-13.18.35:376][  0]SourceControl:   (use "git checkout -- <file>..." to discard changes in working directory)
[2018.01.27-13.18.35:376][  0]SourceControl: 	modified:   GGJ_2018_Group_C/Content/Material/M_PossedParticle.uasset
[2018.01.27-13.18.35:376][  0]SourceControl: 	modified:   GGJ_2018_Group_C/Content/ThirdPersonBP/Blueprints/BP_Actors/BP_Red_Zone.uasset
[2018.01.27-13.18.35:376][  0]SourceControl: 	modified:   GGJ_2018_Group_C/Intermediate/CachedAssetRegistry.bin
[2018.01.27-13.18.35:376][  0]SourceControl: 	modified:   GGJ_2018_Group_C/Saved/AutoScreenshot.png
[2018.01.27-13.18.35:376][  0]SourceControl: 	modified:   GGJ_2018_Group_C/Saved/Autosaves/PackageRestoreData.json
[2018.01.27-13.18.35:376][  0]SourceControl: 	modified:   GGJ_2018_Group_C/Saved/Config/Windows/Editor.ini
[2018.01.27-13.18.35:376][  0]SourceControl: 	modified:   GGJ_2018_Group_C/Saved/Config/Windows/EditorPerProjectUserSettings.ini
[2018.01.27-13.18.35:376][  0]SourceControl: 	modified:   GGJ_2018_Group_C/Saved/Config/Windows/Engine.ini
[2018.01.27-13.18.35:376][  0]SourceControl: 	modified:   GGJ_2018_Group_C/Saved/Logs/Group_C.log
[2018.01.27-13.18.35:376][  0]SourceControl: Untracked files:
[2018.01.27-13.18.35:376][  0]SourceControl:   (use "git add <file>..." to include in what will be committed)
[2018.01.27-13.18.35:376][  0]SourceControl: 	GGJ_2018_Group_C/Content/ThirdPersonBP/Blueprints/BP_Actors/BP_Spawn_RED_Zone.uasset
[2018.01.27-13.18.35:376][  0]SourceControl: 	GGJ_2018_Group_C/Saved/Backup/M_PossedParticle_2018-01-27-13-07-35.uasset
[2018.01.27-13.18.35:376][  0]SourceControl: 	GGJ_2018_Group_C/Saved/Config/CrashReportClient/UE4CC-Windows-6374F90F4522F51557FCD380B2D38C5B/
[2018.01.27-13.18.35:376][  0]SourceControl: 	GGJ_2018_Group_C/Saved/Logs/Group_C-backup-2018.01.27-13.18.05.log
[2018.01.27-13.18.35:376][  0]SourceControl: no changes added to commit (use "git add" and/or "git commit -a")
[2018.01.27-13.18.35:377][  0]LogContentStreaming: Texture pool size now 1000 MB
[2018.01.27-13.18.35:467][  2]LogAssetRegistry: Asset discovery search completed in 22.0954 seconds
[2018.01.27-13.18.35:469][  2]LogCollectionManager: Rebuilt the object cache for 0 collections in 0.000001 seconds (found 0 objects)
[2018.01.27-13.18.35:469][  2]LogCollectionManager: Fixed up redirectors for 0 collections in 0.000040 seconds (updated 0 objects)
[2018.01.27-13.18.36:439][ 55]LogSlate: Took 0.000401 seconds to synchronously load lazily loaded font '../../../Engine/Content/Slate/Fonts/Roboto-Light.ttf' (159K)
[2018.01.27-13.30.53:639][160]SourceControl: fatal: C:/Program Files/Epic Games/UE_4.17/Engine/Content/: 'C:/Program Files/Epic Games/UE_4.17/Engine/Content/' is outside repository
[2018.01.27-13.30.53:765][160]EditorErrors: Warning: No assets to check in!
[2018.01.27-13.33.29:439][709]SourceControl: fatal: C:/Program Files/Epic Games/UE_4.17/Engine/Content/: 'C:/Program Files/Epic Games/UE_4.17/Engine/Content/' is outside repository
[2018.01.27-13.33.29:557][709]EditorErrors: Warning: No assets to check in!
[2018.01.27-13.37.13:425][279]LogSlate: Took 0.000305 seconds to synchronously load lazily loaded font '../../../Engine/Content/Slate/Fonts/Roboto-Light.ttf' (159K)
[2018.01.27-13.37.22:183][ 48]SourceControl: fatal: C:/Program Files/Epic Games/UE_4.17/Engine/Content/: 'C:/Program Files/Epic Games/UE_4.17/Engine/Content/' is outside repository
[2018.01.27-13.37.22:300][ 48]EditorErrors: Warning: No assets to check in!
[2018.01.27-13.37.27:689][506]LogContentBrowser: Native class hierarchy updated for 'BlueprintGraph' in 0.0012 seconds. Added 113 classes and 0 folders.
[2018.01.27-13.37.28:508][506]LogSlate: Took 0.000351 seconds to synchronously load lazily loaded font '../../../Engine/Content/Slate/Fonts/Roboto-Regular.ttf' (155K)
[2018.01.27-13.37.28:650][506]LogRenderer: Reallocating scene render targets to support 1144x1044 Format 10 NumSamples 1 (Frame:1).
[2018.01.27-13.37.30:185][587]Cmd: OBJ SAVEPACKAGE PACKAGE="/Game/ThirdPersonBP/Blueprints/BP_Actors/BP_Test" FILE="E:/GlobalGamesJame/GGJ-2018/GGJ_2018_Group_C/Content/ThirdPersonBP/Blueprints/BP_Actors/BP_Test.uasset" SILENT=true
[2018.01.27-13.37.30:456][587]LogSavePackage: Save=255.24ms
[2018.01.27-13.37.30:456][587]LogSavePackage: Moving 'E:/GlobalGamesJame/GGJ-2018/GGJ_2018_Group_C/Saved/BP_Test43243D154A8468A84D69B5B4CAA9A664.tmp' to 'E:/GlobalGamesJame/GGJ-2018/GGJ_2018_Group_C/Content/ThirdPersonBP/Blueprints/BP_Actors/BP_Test.uasset'
[2018.01.27-13.37.30:488][587]LogSavePackage: Display: Finished SavePackage E:/GlobalGamesJame/GGJ-2018/GGJ_2018_Group_C/Content/ThirdPersonBP/Blueprints/BP_Actors/BP_Test.uasset
[2018.01.27-13.37.35:411][996]SourceControl: fatal: C:/Program Files/Epic Games/UE_4.17/Engine/Content/: 'C:/Program Files/Epic Games/UE_4.17/Engine/Content/' is outside repository
[2018.01.27-13.37.43:473][996]LogSourceControl: FGitCheckInWorker: commit successful
[2018.01.27-13.37.43:527][996]SourceControl: [master dbd479c] UPdate
[2018.01.27-13.37.43:527][996]SourceControl:  1 file changed, 0 insertions(+), 0 deletions(-)
[2018.01.27-13.37.43:527][996]SourceControl:  create mode 100644 GGJ_2018_Group_C/Content/ThirdPersonBP/Blueprints/BP_Actors/BP_Test.uasset
[2018.01.27-13.37.43:535][996]SourceControl: Commited [master dbd479c] UPdate.
[2018.01.27-13.37.57:079][812]SourceControl: fatal: C:/Program Files/Epic Games/UE_4.17/Engine/Content/: 'C:/Program Files/Epic Games/UE_4.17/Engine/Content/' is outside repository
[2018.01.27-13.37.57:207][812]EditorErrors: Warning: No assets to check in!
[2018.01.27-13.39.24:069][212]SourceControl: fatal: C:/Program Files/Epic Games/UE_4.17/Engine/Content/: 'C:/Program Files/Epic Games/UE_4.17/Engine/Content/' is outside repository
[2018.01.27-13.39.24:187][212]EditorErrors: Warning: No assets to check in!
[2018.01.27-13.39.27:676][495]LogSlate: Took 0.000369 seconds to synchronously load lazily loaded font '../../../Engine/Content/Editor/Slate/Fonts/Roboto-Italic.ttf' (157K)
[2018.01.27-13.39.29:502][700]Cmd: OBJ SAVEPACKAGE PACKAGE="/Game/ThirdPersonBP/Blueprints/BP_Actors/Thing" FILE="E:/GlobalGamesJame/GGJ-2018/GGJ_2018_Group_C/Content/ThirdPersonBP/Blueprints/BP_Actors/Thing.uasset" SILENT=true
[2018.01.27-13.39.29:762][700]LogSavePackage: Save=244.47ms
[2018.01.27-13.39.29:762][700]LogSavePackage: Moving 'E:/GlobalGamesJame/GGJ-2018/GGJ_2018_Group_C/Saved/Thing4C279DBC48DA6B50F68EF2954F60C914.tmp' to 'E:/GlobalGamesJame/GGJ-2018/GGJ_2018_Group_C/Content/ThirdPersonBP/Blueprints/BP_Actors/Thing.uasset'
[2018.01.27-13.39.29:793][700]LogSavePackage: Display: Finished SavePackage E:/GlobalGamesJame/GGJ-2018/GGJ_2018_Group_C/Content/ThirdPersonBP/Blueprints/BP_Actors/Thing.uasset
[2018.01.27-13.39.32:209][921]SourceControl: fatal: C:/Program Files/Epic Games/UE_4.17/Engine/Content/: 'C:/Program Files/Epic Games/UE_4.17/Engine/Content/' is outside repository
[2018.01.27-13.39.36:659][921]LogSourceControl: FGitCheckInWorker: commit successful
[2018.01.27-13.39.36:713][921]SourceControl: [master 616b78a] Update
[2018.01.27-13.39.36:713][921]SourceControl:  1 file changed, 0 insertions(+), 0 deletions(-)
[2018.01.27-13.39.36:713][921]SourceControl:  create mode 100644 GGJ_2018_Group_C/Content/ThirdPersonBP/Blueprints/BP_Actors/Thing.uasset
[2018.01.27-13.39.36:722][921]SourceControl: Commited [master 616b78a] Update.
[2018.01.27-13.47.48:691][ 48]LogMaterial: Missing cached shader map for material M_PossedParticleTjhing, compiling. 
[2018.01.27-13.47.48:961][ 48]LogActorComponent: UnregisterComponent: (/Engine/Transient.EditorFloorComp) Not registered. Aborting.
[2018.01.27-13.47.54:921][ 48]Cmd: OBJ SAVEPACKAGE PACKAGE="/Game/Material/M_PossedParticle" FILE="E:/GlobalGamesJame/GGJ-2018/GGJ_2018_Group_C/Content/Material/M_PossedParticle.uasset" SILENT=true
[2018.01.27-13.47.54:958][ 48]LogSavePackage: Save=11.02ms
[2018.01.27-13.47.54:958][ 48]LogSavePackage: Moving 'E:/GlobalGamesJame/GGJ-2018/GGJ_2018_Group_C/Saved/M_PossedParticle85D5C9C3415D94D45B36B8AEAEFA897D.tmp' to 'E:/GlobalGamesJame/GGJ-2018/GGJ_2018_Group_C/Content/Material/M_PossedParticle.uasset'
[2018.01.27-13.47.54:986][ 48]LogSavePackage: Display: Finished SavePackage E:/GlobalGamesJame/GGJ-2018/GGJ_2018_Group_C/Content/Material/M_PossedParticle.uasset
[2018.01.27-13.47.55:757][ 48]LogSavePackage: Save=673.39ms
[2018.01.27-13.47.55:757][ 48]LogSavePackage: Moving 'E:/GlobalGamesJame/GGJ-2018/GGJ_2018_Group_C/Saved/P_Possesd8BF567DC4540DC6390E1E88DB661BD82.tmp' to 'E:/GlobalGamesJame/GGJ-2018/GGJ_2018_Group_C/Content/ThirdPersonBP/Blueprints/Particles/P_Possesd.uasset'
[2018.01.27-13.47.55:788][ 48]LogSavePackage: Display: Finished SavePackage E:/GlobalGamesJame/GGJ-2018/GGJ_2018_Group_C/Content/ThirdPersonBP/Blueprints/Particles/P_Possesd.uasset
[2018.01.27-13.47.58:936][216]LogFileHelpers: Editor autosave (incl. sublevels) for '/Game/ThirdPersonBP/Maps/ThirdPersonExampleMap' took 0.014
[2018.01.27-13.47.58:938][216]OBJ SavePackage: Generating thumbnails for [1] asset(s) in package [/Game/Material/M_PossedParticleTjhing] ([1] browsable assets)...
[2018.01.27-13.47.58:953][216]OBJ SavePackage:     Rendered thumbnail for [Material /Game/Material/M_PossedParticleTjhing.M_PossedParticleTjhing]
[2018.01.27-13.47.58:953][216]OBJ SavePackage: Finished generating thumbnails for package [/Game/Material/M_PossedParticleTjhing]
[2018.01.27-13.47.59:028][216]LogSavePackage: Save=36.70ms
[2018.01.27-13.47.59:028][216]LogSavePackage: Moving 'E:/GlobalGamesJame/GGJ-2018/GGJ_2018_Group_C/Saved/M_PossedParticleTjhing_Auto18F92BDC74273759B96B6B9B5EFA30792.tmp' to 'E:/GlobalGamesJame/GGJ-2018/GGJ_2018_Group_C/Saved/Autosaves/Game/Material/M_PossedParticleTjhing_Auto1.uasset'
[2018.01.27-13.47.59:036][216]LogSavePackage: Display: Finished SavePackage E:/GlobalGamesJame/GGJ-2018/GGJ_2018_Group_C/Saved/Autosaves/Game/Material/M_PossedParticleTjhing_Auto1.uasset
[2018.01.27-13.47.59:036][216]LogFileHelpers: Auto-saving content packages took 0.099
